<?xml version="1.0" encoding="UTF-8"?>
<!-- Generated by org.testng.reporters.JUnitReportReporter -->
<testsuite hostname="Apple-PC" failures="0" tests="2" name="qatarairways.seleniumFramework.StandAloneTestPOM" time="46.827" errors="0" timestamp="16 Jul 2024 16:08:01 GMT">
  <testcase classname="qatarairways.seleniumFramework.StandAloneTestPOM" name="submitsOrder" time="21.108"/>
  <testcase classname="qatarairways.seleniumFramework.StandAloneTestPOM" name="submitsOrder" time="25.719"/>
</testsuite> <!-- qatarairways.seleniumFramework.StandAloneTestPOM -->
